
🔄 Pillar Tracker — 2026-03-21 06:30 UTC

=== PILLAR 1: COPY INTELLIGENCE ===
  No signal changes detected

=== PILLAR 2: EDGE DEVELOPMENT ===

=== PILLAR 3: CONTINUOUS ITERATION ===

=== PILLAR SCORES ===
  P1 Copy Intelligence: 60%
  P2 Edge Development: 55%
  P3 Continuous Iteration: 65%

✅ Pillar tracker complete

🔄 Pillar Tracker — 2026-03-21 07:00 UTC

=== PILLAR 1: COPY INTELLIGENCE ===
  P1: Copy signal shifted to BULLISH — Confidence 100/100. Buys: 35, Sells: 15

=== PILLAR 2: EDGE DEVELOPMENT ===

=== PILLAR 3: CONTINUOUS ITERATION ===

=== PILLAR SCORES ===
  P1 Copy Intelligence: 60%
  P2 Edge Development: 55%
  P3 Continuous Iteration: 65%

✅ Pillar tracker complete

🔄 Pillar Tracker — 2026-03-21 07:30 UTC

=== PILLAR 1: COPY INTELLIGENCE ===
  P1: Copy signal shifted to BEARISH — Confidence 100/100. Buys: 15, Sells: 35

=== PILLAR 2: EDGE DEVELOPMENT ===

=== PILLAR 3: CONTINUOUS ITERATION ===

=== PILLAR SCORES ===
  P1 Copy Intelligence: 60%
  P2 Edge Development: 55%
  P3 Continuous Iteration: 65%

✅ Pillar tracker complete

🔄 Pillar Tracker — 2026-03-21 08:00 UTC

=== PILLAR 1: COPY INTELLIGENCE ===
  No signal changes detected

=== PILLAR 2: EDGE DEVELOPMENT ===

=== PILLAR 3: CONTINUOUS ITERATION ===

=== PILLAR SCORES ===
  P1 Copy Intelligence: 60%
  P2 Edge Development: 55%
  P3 Continuous Iteration: 65%

✅ Pillar tracker complete

🔄 Pillar Tracker — 2026-03-21 08:30 UTC

=== PILLAR 1: COPY INTELLIGENCE ===
  P1: Copy signal shifted to NEUTRAL — Confidence 0/100. Buys: 45, Sells: 5

=== PILLAR 2: EDGE DEVELOPMENT ===

=== PILLAR 3: CONTINUOUS ITERATION ===

=== PILLAR SCORES ===
  P1 Copy Intelligence: 60%
  P2 Edge Development: 55%
  P3 Continuous Iteration: 65%

✅ Pillar tracker complete

🔄 Pillar Tracker — 2026-03-21 09:00 UTC

=== PILLAR 1: COPY INTELLIGENCE ===
  No signal changes detected

=== PILLAR 2: EDGE DEVELOPMENT ===

=== PILLAR 3: CONTINUOUS ITERATION ===

=== PILLAR SCORES ===
  P1 Copy Intelligence: 60%
  P2 Edge Development: 55%
  P3 Continuous Iteration: 65%

✅ Pillar tracker complete

🔄 Pillar Tracker — 2026-03-21 09:30 UTC

=== PILLAR 1: COPY INTELLIGENCE ===
  P1: Copy signal shifted to BEARISH — Confidence 100/100. Buys: 35, Sells: 15

=== PILLAR 2: EDGE DEVELOPMENT ===

=== PILLAR 3: CONTINUOUS ITERATION ===

=== PILLAR SCORES ===
  P1 Copy Intelligence: 60%
  P2 Edge Development: 55%
  P3 Continuous Iteration: 65%

✅ Pillar tracker complete

🔄 Pillar Tracker — 2026-03-21 10:00 UTC

=== PILLAR 1: COPY INTELLIGENCE ===
  No signal changes detected

=== PILLAR 2: EDGE DEVELOPMENT ===

=== PILLAR 3: CONTINUOUS ITERATION ===

=== PILLAR SCORES ===
  P1 Copy Intelligence: 60%
  P2 Edge Development: 55%
  P3 Continuous Iteration: 65%

✅ Pillar tracker complete

🔄 Pillar Tracker — 2026-03-21 10:30 UTC

=== PILLAR 1: COPY INTELLIGENCE ===
  No signal changes detected

=== PILLAR 2: EDGE DEVELOPMENT ===

=== PILLAR 3: CONTINUOUS ITERATION ===

=== PILLAR SCORES ===
  P1 Copy Intelligence: 60%
  P2 Edge Development: 55%
  P3 Continuous Iteration: 65%

✅ Pillar tracker complete

🔄 Pillar Tracker — 2026-03-21 11:00 UTC

=== PILLAR 1: COPY INTELLIGENCE ===
  No signal changes detected

=== PILLAR 2: EDGE DEVELOPMENT ===

=== PILLAR 3: CONTINUOUS ITERATION ===

=== PILLAR SCORES ===
  P1 Copy Intelligence: 60%
  P2 Edge Development: 55%
  P3 Continuous Iteration: 65%

✅ Pillar tracker complete

🔄 Pillar Tracker — 2026-03-21 11:30 UTC

=== PILLAR 1: COPY INTELLIGENCE ===
  No signal changes detected

=== PILLAR 2: EDGE DEVELOPMENT ===
  P2: ⚠️ +1 trades at 0% WR (LOSING) — Overall: 53%. Strategy is bleeding. Need intervention.

=== PILLAR 3: CONTINUOUS ITERATION ===

=== PILLAR SCORES ===
  P1 Copy Intelligence: 60%
  P2 Edge Development: 55%
  P3 Continuous Iteration: 65%

✅ Pillar tracker complete

🔄 Pillar Tracker — 2026-03-21 12:00 UTC

=== PILLAR 1: COPY INTELLIGENCE ===
  No signal changes detected

=== PILLAR 2: EDGE DEVELOPMENT ===

=== PILLAR 3: CONTINUOUS ITERATION ===

=== PILLAR SCORES ===
  P1 Copy Intelligence: 60%
  P2 Edge Development: 55%
  P3 Continuous Iteration: 65%

✅ Pillar tracker complete

🔄 Pillar Tracker — 2026-03-21 12:30 UTC

=== PILLAR 1: COPY INTELLIGENCE ===
  No signal changes detected

=== PILLAR 2: EDGE DEVELOPMENT ===

=== PILLAR 3: CONTINUOUS ITERATION ===

=== PILLAR SCORES ===
  P1 Copy Intelligence: 60%
  P2 Edge Development: 55%
  P3 Continuous Iteration: 65%

✅ Pillar tracker complete

🔄 Pillar Tracker — 2026-03-21 13:00 UTC

=== PILLAR 1: COPY INTELLIGENCE ===
  P1: Copy signal shifted to NEUTRAL — Confidence 0/100. Buys: 10, Sells: 40

=== PILLAR 2: EDGE DEVELOPMENT ===

=== PILLAR 3: CONTINUOUS ITERATION ===

=== PILLAR SCORES ===
  P1 Copy Intelligence: 60%
  P2 Edge Development: 55%
  P3 Continuous Iteration: 65%

✅ Pillar tracker complete

🔄 Pillar Tracker — 2026-03-21 13:30 UTC

=== PILLAR 1: COPY INTELLIGENCE ===
  P1: Copy signal shifted to BULLISH — Confidence 60/100. Buys: 40, Sells: 10

=== PILLAR 2: EDGE DEVELOPMENT ===
  P2: ⚠️ +1 trades at 0% WR (LOSING) — Overall: 51%. Strategy is bleeding. Need intervention.

=== PILLAR 3: CONTINUOUS ITERATION ===

=== PILLAR SCORES ===
  P1 Copy Intelligence: 60%
  P2 Edge Development: 55%
  P3 Continuous Iteration: 65%

✅ Pillar tracker complete

🔄 Pillar Tracker — 2026-03-21 14:00 UTC

=== PILLAR 1: COPY INTELLIGENCE ===
  P1: Copy signal shifted to NEUTRAL — Confidence 0/100. Buys: 48, Sells: 2

=== PILLAR 2: EDGE DEVELOPMENT ===

=== PILLAR 3: CONTINUOUS ITERATION ===

=== PILLAR SCORES ===
  P1 Copy Intelligence: 60%
  P2 Edge Development: 55%
  P3 Continuous Iteration: 65%

✅ Pillar tracker complete

🔄 Pillar Tracker — 2026-03-21 14:30 UTC

=== PILLAR 1: COPY INTELLIGENCE ===
  P1: Copy signal shifted to BEARISH — Confidence 100/100. Buys: 27, Sells: 23

=== PILLAR 2: EDGE DEVELOPMENT ===

=== PILLAR 3: CONTINUOUS ITERATION ===

=== PILLAR SCORES ===
  P1 Copy Intelligence: 60%
  P2 Edge Development: 55%
  P3 Continuous Iteration: 65%

✅ Pillar tracker complete

🔄 Pillar Tracker — 2026-03-21 15:00 UTC

=== PILLAR 1: COPY INTELLIGENCE ===
  P1: Copy signal shifted to NEUTRAL — Confidence 0/100. Buys: 45, Sells: 5

=== PILLAR 2: EDGE DEVELOPMENT ===
  P2: ⚠️ +2 trades at 0% WR (LOSING) — Overall: 49%. Strategy is bleeding. Need intervention.

=== PILLAR 3: CONTINUOUS ITERATION ===

=== PILLAR SCORES ===
  P1 Copy Intelligence: 60%
  P2 Edge Development: 55%
  P3 Continuous Iteration: 65%

✅ Pillar tracker complete

🔄 Pillar Tracker — 2026-03-21 15:30 UTC

=== PILLAR 1: COPY INTELLIGENCE ===
  P1: Copy signal shifted to BEARISH — Confidence 100/100. Buys: 35, Sells: 15

=== PILLAR 2: EDGE DEVELOPMENT ===
  P2: +2 trades at 50% WR (mediocre) — Overall: 49%. Edge weakening — parameters may need tuning.

=== PILLAR 3: CONTINUOUS ITERATION ===

=== PILLAR SCORES ===
  P1 Copy Intelligence: 60%
  P2 Edge Development: 55%
  P3 Continuous Iteration: 65%

✅ Pillar tracker complete

🔄 Pillar Tracker — 2026-03-21 16:00 UTC

=== PILLAR 1: COPY INTELLIGENCE ===
  P1: Copy signal shifted to BULLISH — Confidence 100/100. Buys: 49, Sells: 1

=== PILLAR 2: EDGE DEVELOPMENT ===
  P2: +2 trades at 50% WR (mediocre) — Overall: 49%. Edge weakening — parameters may need tuning.

=== PILLAR 3: CONTINUOUS ITERATION ===
  P3: PM balance +$16.83 — $440.98 → $457.81

=== PILLAR SCORES ===
  P1 Copy Intelligence: 60%
  P2 Edge Development: 55%
  P3 Continuous Iteration: 65%

✅ Pillar tracker complete
